<?xml version="1.0" encoding="UTF-8"?>
<testsuite xmlns:xsi="http://www.w3.org/2001/XMLSchema-instance" xsi:noNamespaceSchemaLocation="https://maven.apache.org/surefire/maven-surefire-plugin/xsd/surefire-test-report.xsd" version="3.0.2" name="praytracer.RunCucumberTest" time="0.364" tests="6" errors="0" skipped="0" failures="1">
  <properties>
    <property name="java.specification.version" value="21"/>
    <property name="sun.cpu.isalist" value="amd64"/>
    <property name="sun.jnu.encoding" value="MS932"/>
    <property name="java.class.path" value="C:\Users\Mykyta\Desktop\praytracer\target\test-classes;C:\Users\Mykyta\Desktop\praytracer\target\classes;C:\Users\Mykyta\.m2\repository\io\cucumber\cucumber-java\7.20.1\cucumber-java-7.20.1.jar;C:\Users\Mykyta\.m2\repository\io\cucumber\cucumber-core\7.20.1\cucumber-core-7.20.1.jar;C:\Users\Mykyta\.m2\repository\io\cucumber\cucumber-gherkin\7.20.1\cucumber-gherkin-7.20.1.jar;C:\Users\Mykyta\.m2\repository\io\cucumber\cucumber-gherkin-messages\7.20.1\cucumber-gherkin-messages-7.20.1.jar;C:\Users\Mykyta\.m2\repository\io\cucumber\gherkin\28.0.0\gherkin-28.0.0.jar;C:\Users\Mykyta\.m2\repository\io\cucumber\messages\24.1.0\messages-24.1.0.jar;C:\Users\Mykyta\.m2\repository\io\cucumber\testng-xml-formatter\0.2.0\testng-xml-formatter-0.2.0.jar;C:\Users\Mykyta\.m2\repository\io\cucumber\query\12.2.0\query-12.2.0.jar;C:\Users\Mykyta\.m2\repository\io\cucumber\tag-expressions\6.1.0\tag-expressions-6.1.0.jar;C:\Users\Mykyta\.m2\repository\io\cucumber\cucumber-expressions\17.1.0\cucumber-expressions-17.1.0.jar;C:\Users\Mykyta\.m2\repository\io\cucumber\datatable\7.20.1\datatable-7.20.1.jar;C:\Users\Mykyta\.m2\repository\io\cucumber\cucumber-plugin\7.20.1\cucumber-plugin-7.20.1.jar;C:\Users\Mykyta\.m2\repository\io\cucumber\docstring\7.20.1\docstring-7.20.1.jar;C:\Users\Mykyta\.m2\repository\io\cucumber\html-formatter\21.7.0\html-formatter-21.7.0.jar;C:\Users\Mykyta\.m2\repository\io\cucumber\junit-xml-formatter\0.5.0\junit-xml-formatter-0.5.0.jar;C:\Users\Mykyta\.m2\repository\io\cucumber\ci-environment\10.0.1\ci-environment-10.0.1.jar;C:\Users\Mykyta\.m2\repository\org\apiguardian\apiguardian-api\1.1.2\apiguardian-api-1.1.2.jar;C:\Users\Mykyta\.m2\repository\io\cucumber\cucumber-junit-platform-engine\7.20.1\cucumber-junit-platform-engine-7.20.1.jar;C:\Users\Mykyta\.m2\repository\org\junit\platform\junit-platform-engine\1.11.2\junit-platform-engine-1.11.2.jar;C:\Users\Mykyta\.m2\repository\org\opentest4j\opentest4j\1.3.0\opentest4j-1.3.0.jar;C:\Users\Mykyta\.m2\repository\org\junit\platform\junit-platform-commons\1.11.2\junit-platform-commons-1.11.2.jar;C:\Users\Mykyta\.m2\repository\org\junit\platform\junit-platform-suite\1.11.2\junit-platform-suite-1.11.2.jar;C:\Users\Mykyta\.m2\repository\org\junit\platform\junit-platform-suite-api\1.11.2\junit-platform-suite-api-1.11.2.jar;C:\Users\Mykyta\.m2\repository\org\junit\platform\junit-platform-suite-engine\1.11.2\junit-platform-suite-engine-1.11.2.jar;C:\Users\Mykyta\.m2\repository\org\junit\platform\junit-platform-suite-commons\1.11.2\junit-platform-suite-commons-1.11.2.jar;C:\Users\Mykyta\.m2\repository\org\junit\platform\junit-platform-launcher\1.11.2\junit-platform-launcher-1.11.2.jar;C:\Users\Mykyta\.m2\repository\org\junit\jupiter\junit-jupiter\5.11.2\junit-jupiter-5.11.2.jar;C:\Users\Mykyta\.m2\repository\org\junit\jupiter\junit-jupiter-api\5.11.2\junit-jupiter-api-5.11.2.jar;C:\Users\Mykyta\.m2\repository\org\junit\jupiter\junit-jupiter-params\5.11.2\junit-jupiter-params-5.11.2.jar;C:\Users\Mykyta\.m2\repository\org\junit\jupiter\junit-jupiter-engine\5.11.2\junit-jupiter-engine-5.11.2.jar;"/>
    <property name="java.vm.vendor" value="Oracle Corporation"/>
    <property name="sun.arch.data.model" value="64"/>
    <property name="user.variant" value=""/>
    <property name="java.vendor.url" value="https://java.oracle.com/"/>
    <property name="user.timezone" value="America/Toronto"/>
    <property name="os.name" value="Windows 10"/>
    <property name="java.vm.specification.version" value="21"/>
    <property name="sun.java.launcher" value="SUN_STANDARD"/>
    <property name="user.country" value="US"/>
    <property name="sun.boot.library.path" value="D:\Documents\JavaStuff\jdk21\bin"/>
    <property name="sun.java.command" value="C:\Users\Mykyta\AppData\Local\Temp\surefire11875883467637329199\surefirebooter-20241027130705027_3.jar C:\Users\Mykyta\AppData\Local\Temp\surefire11875883467637329199 2024-10-27T13-07-04_785-jvmRun1 surefire-20241027130705027_1tmp surefire_0-20241027130705027_2tmp"/>
    <property name="jdk.debug" value="release"/>
    <property name="surefire.test.class.path" value="C:\Users\Mykyta\Desktop\praytracer\target\test-classes;C:\Users\Mykyta\Desktop\praytracer\target\classes;C:\Users\Mykyta\.m2\repository\io\cucumber\cucumber-java\7.20.1\cucumber-java-7.20.1.jar;C:\Users\Mykyta\.m2\repository\io\cucumber\cucumber-core\7.20.1\cucumber-core-7.20.1.jar;C:\Users\Mykyta\.m2\repository\io\cucumber\cucumber-gherkin\7.20.1\cucumber-gherkin-7.20.1.jar;C:\Users\Mykyta\.m2\repository\io\cucumber\cucumber-gherkin-messages\7.20.1\cucumber-gherkin-messages-7.20.1.jar;C:\Users\Mykyta\.m2\repository\io\cucumber\gherkin\28.0.0\gherkin-28.0.0.jar;C:\Users\Mykyta\.m2\repository\io\cucumber\messages\24.1.0\messages-24.1.0.jar;C:\Users\Mykyta\.m2\repository\io\cucumber\testng-xml-formatter\0.2.0\testng-xml-formatter-0.2.0.jar;C:\Users\Mykyta\.m2\repository\io\cucumber\query\12.2.0\query-12.2.0.jar;C:\Users\Mykyta\.m2\repository\io\cucumber\tag-expressions\6.1.0\tag-expressions-6.1.0.jar;C:\Users\Mykyta\.m2\repository\io\cucumber\cucumber-expressions\17.1.0\cucumber-expressions-17.1.0.jar;C:\Users\Mykyta\.m2\repository\io\cucumber\datatable\7.20.1\datatable-7.20.1.jar;C:\Users\Mykyta\.m2\repository\io\cucumber\cucumber-plugin\7.20.1\cucumber-plugin-7.20.1.jar;C:\Users\Mykyta\.m2\repository\io\cucumber\docstring\7.20.1\docstring-7.20.1.jar;C:\Users\Mykyta\.m2\repository\io\cucumber\html-formatter\21.7.0\html-formatter-21.7.0.jar;C:\Users\Mykyta\.m2\repository\io\cucumber\junit-xml-formatter\0.5.0\junit-xml-formatter-0.5.0.jar;C:\Users\Mykyta\.m2\repository\io\cucumber\ci-environment\10.0.1\ci-environment-10.0.1.jar;C:\Users\Mykyta\.m2\repository\org\apiguardian\apiguardian-api\1.1.2\apiguardian-api-1.1.2.jar;C:\Users\Mykyta\.m2\repository\io\cucumber\cucumber-junit-platform-engine\7.20.1\cucumber-junit-platform-engine-7.20.1.jar;C:\Users\Mykyta\.m2\repository\org\junit\platform\junit-platform-engine\1.11.2\junit-platform-engine-1.11.2.jar;C:\Users\Mykyta\.m2\repository\org\opentest4j\opentest4j\1.3.0\opentest4j-1.3.0.jar;C:\Users\Mykyta\.m2\repository\org\junit\platform\junit-platform-commons\1.11.2\junit-platform-commons-1.11.2.jar;C:\Users\Mykyta\.m2\repository\org\junit\platform\junit-platform-suite\1.11.2\junit-platform-suite-1.11.2.jar;C:\Users\Mykyta\.m2\repository\org\junit\platform\junit-platform-suite-api\1.11.2\junit-platform-suite-api-1.11.2.jar;C:\Users\Mykyta\.m2\repository\org\junit\platform\junit-platform-suite-engine\1.11.2\junit-platform-suite-engine-1.11.2.jar;C:\Users\Mykyta\.m2\repository\org\junit\platform\junit-platform-suite-commons\1.11.2\junit-platform-suite-commons-1.11.2.jar;C:\Users\Mykyta\.m2\repository\org\junit\platform\junit-platform-launcher\1.11.2\junit-platform-launcher-1.11.2.jar;C:\Users\Mykyta\.m2\repository\org\junit\jupiter\junit-jupiter\5.11.2\junit-jupiter-5.11.2.jar;C:\Users\Mykyta\.m2\repository\org\junit\jupiter\junit-jupiter-api\5.11.2\junit-jupiter-api-5.11.2.jar;C:\Users\Mykyta\.m2\repository\org\junit\jupiter\junit-jupiter-params\5.11.2\junit-jupiter-params-5.11.2.jar;C:\Users\Mykyta\.m2\repository\org\junit\jupiter\junit-jupiter-engine\5.11.2\junit-jupiter-engine-5.11.2.jar;"/>
    <property name="sun.cpu.endian" value="little"/>
    <property name="user.home" value="C:\Users\Mykyta"/>
    <property name="user.language" value="en"/>
    <property name="java.specification.vendor" value="Oracle Corporation"/>
    <property name="java.version.date" value="2024-01-16"/>
    <property name="java.home" value="D:\Documents\JavaStuff\jdk21"/>
    <property name="file.separator" value="\"/>
    <property name="basedir" value="C:\Users\Mykyta\Desktop\praytracer"/>
    <property name="java.vm.compressedOopsMode" value="Zero based"/>
    <property name="line.separator" value="&#10;"/>
    <property name="java.vm.specification.vendor" value="Oracle Corporation"/>
    <property name="java.specification.name" value="Java Platform API Specification"/>
    <property name="surefire.real.class.path" value="C:\Users\Mykyta\AppData\Local\Temp\surefire11875883467637329199\surefirebooter-20241027130705027_3.jar"/>
    <property name="user.script" value=""/>
    <property name="sun.management.compiler" value="HotSpot 64-Bit Tiered Compilers"/>
    <property name="java.runtime.version" value="21.0.2+13-LTS-58"/>
    <property name="user.name" value="Mykyta"/>
    <property name="stdout.encoding" value="MS932"/>
    <property name="path.separator" value=";"/>
    <property name="os.version" value="10.0"/>
    <property name="java.runtime.name" value="Java(TM) SE Runtime Environment"/>
    <property name="file.encoding" value="UTF-8"/>
    <property name="java.vm.name" value="Java HotSpot(TM) 64-Bit Server VM"/>
    <property name="localRepository" value="C:\Users\Mykyta\.m2\repository"/>
    <property name="java.vendor.url.bug" value="https://bugreport.java.com/bugreport/"/>
    <property name="java.io.tmpdir" value="C:\Users\Mykyta\AppData\Local\Temp\"/>
    <property name="java.version" value="21.0.2"/>
    <property name="user.dir" value="C:\Users\Mykyta\Desktop\praytracer"/>
    <property name="os.arch" value="amd64"/>
    <property name="java.vm.specification.name" value="Java Virtual Machine Specification"/>
    <property name="sun.os.patch.level" value=""/>
    <property name="native.encoding" value="MS932"/>
    <property name="java.library.path" value="D:\Documents\JavaStuff\jdk21\bin;C:\WINDOWS\Sun\Java\bin;C:\WINDOWS\system32;C:\WINDOWS;D:\Documents\JavaStuff\jdk21\bin;D:\Documents\JavaStuff\bin;D:\Documents\JavaStuff\apache-maven-3.6.3\bin;D:\Documents\JavaStuff\jdk-15.0.1\bin;C:\Program Files\Common Files\Oracle\Java\javapath;C:\Program Files (x86)\Common Files\Oracle\Java\javapath;C:\Program Files (x86)\Common Files\Intel\Shared Libraries\redist\intel64\compiler;C:\Program Files\Python36\Scripts\;C:\Program Files\Python36\;C:\Program Files (x86)\Intel\Intel(R) Management Engine Components\iCLS\;C:\Program Files\Intel\Intel(R) Management Engine Components\iCLS\;C:\Windows\system32;C:\Windows;C:\Windows\System32\Wbem;C:\Windows\System32\WindowsPowerShell\v1.0\;C:\Windows\System32\OpenSSH\;C:\Program Files (x86)\NVIDIA Corporation\PhysX\Common;C:\Program Files\Intel\WiFi\bin\;C:\Program Files\Common Files\Intel\WirelessCommon\;C:\Program Files (x86)\Intel\Intel(R) Management Engine Components\DAL;C:\Program Files\Intel\Intel(R) Management Engine Components\DAL;C:\Program Files (x86)\Intel\Intel(R) Management Engine Components\IPT;C:\Program Files\Intel\Intel(R) Management Engine Components\IPT;C:\Program Files\NVIDIA Corporation\NVIDIA NvDLISR;C:\WINDOWS\system32;C:\WINDOWS;C:\WINDOWS\System32\Wbem;C:\WINDOWS\System32\WindowsPowerShell\v1.0\;C:\WINDOWS\System32\OpenSSH\;C:\Program Files (x86)\CodeBlocks\MinGW\bin;C:\Users\Mykyta\AppData\Local\Programs\Python\Python37-32;D:\ProgramFiles\MinGW\bin;C:\Users\Mykyta\AppData\Roaming\Python\Python36\Scripts;C:\Program Files (x86)\Inno Setup 6;C:\Program Files (x86)\WiX Toolset v3.11\bin;D:\Documents\pathScripts;C:\Program Files\dotnet\;C:\Program Files\Calibre2\;C:\Program Files (x86)\Windows Live\Shared;D:\ProgramFiles\PuTTY\;D:\ProgramFiles\Gpg4win\..\GnuPG\bin;D:\ProgramFiles\Git LFS;C:\Program Files (x86)\Windows Kits\10\Windows Performance Toolkit\;D:\ProgramFiles\CMake\bin;C:\Program Files\Git\cmd;D:\Documents\JavaStuff\jdk21\bin;D:\Documents\JavaStuff\apache-ant-1.9.16\bin;D:\Documents\bin;C:\Users\Mykyta\.cargo\bin;C:\Users\Mykyta\AppData\Local\Programs\Python\Python37-32\Scripts\;C:\Users\Mykyta\AppData\Local\Programs\Python\Python37-32\;C:\Users\Mykyta\AppData\Local\Microsoft\WindowsApps;C:\Program Files\IntelliJ IDEA Community Edition 2019.2.1\bin;C:\Users\Mykyta\AppData\Roaming\Python\Python36\Scripts;D:\ProgramFiles\MinGW\bin;C:\Program Files (x86)\Inno Setup 6;C:\Program Files (x86)\WiX Toolset v3.11\bin;C:\Users\Mykyta\AppData\Local\Microsoft\WindowsApps;D:\Documents\JavaStuff\apache-maven-3.6.3\apache-maven\src\bin;D:\ProgramFiles\JetBrains\IntelliJ IDEA 2024.2.4\bin;;D:\Documents\pathScripts;C:\Users\Mykyta\AppData\Local\GitHubDesktop\bin;D:\ProgramFiles\Microsoft VS Code\bin;D:\ProgramFiles\texlive\2022\bin\win32;;."/>
    <property name="java.vm.info" value="mixed mode, sharing"/>
    <property name="stderr.encoding" value="MS932"/>
    <property name="java.vendor" value="Oracle Corporation"/>
    <property name="java.vm.version" value="21.0.2+13-LTS-58"/>
    <property name="sun.io.unicode.encoding" value="UnicodeLittle"/>
    <property name="java.class.version" value="65.0"/>
  </properties>
  <testcase name="Canvas - Creating a canvas" classname="Canvas" time="0.13">
    <system-out><![CDATA[
Scenario: Creating a canvas              &amp#27;[90m# praytracer/canvas.feature:3&amp#27;[0m
  &amp#27;[32mGiven &amp#27;[0m&amp#27;[32mc ← canvas(&amp#27;[0m&amp#27;[32m&amp#27;[1m10&amp#27;[0m&amp#27;[32m, &amp#27;[0m&amp#27;[32m&amp#27;[1m20&amp#27;[0m&amp#27;[32m)&amp#27;[0m               &amp#27;[90m# praytracer.CanvasDefinitions.c_canvas(java.lang.Integer,java.lang.Integer)&amp#27;[0m
  &amp#27;[32mThen &amp#27;[0m&amp#27;[32mc.width = &amp#27;[0m&amp#27;[32m&amp#27;[1m10&amp#27;[0m                      &amp#27;[90m# praytracer.CanvasDefinitions.c_width(java.lang.Integer)&amp#27;[0m
  &amp#27;[32mAnd &amp#27;[0m&amp#27;[32mc.height = &amp#27;[0m&amp#27;[32m&amp#27;[1m20&amp#27;[0m                      &amp#27;[90m# praytracer.CanvasDefinitions.c_height(java.lang.Integer)&amp#27;[0m
  &amp#27;[32mAnd &amp#27;[0m&amp#27;[32mevery pixel of c is color(&amp#27;[0m&amp#27;[32m&amp#27;[1m0&amp#27;[0m&amp#27;[32m, &amp#27;[0m&amp#27;[32m&amp#27;[1m0&amp#27;[0m&amp#27;[32m, &amp#27;[0m&amp#27;[32m&amp#27;[1m0&amp#27;[0m&amp#27;[32m)&amp#27;[0m &amp#27;[90m# praytracer.CanvasDefinitions.every_pixel_of_c_is_color(java.lang.Integer,java.lang.Integer,java.lang.Integer)&amp#27;[0m
]]></system-out>
  </testcase>
  <testcase name="Canvas - Writing pixels to a canvas" classname="Canvas" time="0.012">
    <system-out><![CDATA[
Scenario: Writing pixels to a canvas &amp#27;[90m# praytracer/canvas.feature:9&amp#27;[0m
  &amp#27;[32mGiven &amp#27;[0m&amp#27;[32mc ← canvas(&amp#27;[0m&amp#27;[32m&amp#27;[1m10&amp#27;[0m&amp#27;[32m, &amp#27;[0m&amp#27;[32m&amp#27;[1m20&amp#27;[0m&amp#27;[32m)&amp#27;[0m           &amp#27;[90m# praytracer.CanvasDefinitions.c_canvas(java.lang.Integer,java.lang.Integer)&amp#27;[0m
  &amp#27;[32mAnd &amp#27;[0m&amp#27;[32mred ← color(&amp#27;[0m&amp#27;[32m&amp#27;[1m1&amp#27;[0m&amp#27;[32m, &amp#27;[0m&amp#27;[32m&amp#27;[1m0&amp#27;[0m&amp#27;[32m, &amp#27;[0m&amp#27;[32m&amp#27;[1m0&amp#27;[0m&amp#27;[32m)&amp#27;[0m           &amp#27;[90m# praytracer.CanvasDefinitions.red_color(java.lang.Integer,java.lang.Integer,java.lang.Integer)&amp#27;[0m
  &amp#27;[32mWhen &amp#27;[0m&amp#27;[32mwrite_pixel(c, &amp#27;[0m&amp#27;[32m&amp#27;[1m2&amp#27;[0m&amp#27;[32m, &amp#27;[0m&amp#27;[32m&amp#27;[1m3&amp#27;[0m&amp#27;[32m, red)&amp#27;[0m     &amp#27;[90m# praytracer.CanvasDefinitions.write_pixel_c_red(java.lang.Integer,java.lang.Integer)&amp#27;[0m
  &amp#27;[32mThen &amp#27;[0m&amp#27;[32mpixel_at(c, &amp#27;[0m&amp#27;[32m&amp#27;[1m2&amp#27;[0m&amp#27;[32m, &amp#27;[0m&amp#27;[32m&amp#27;[1m3&amp#27;[0m&amp#27;[32m) = red&amp#27;[0m       &amp#27;[90m# praytracer.CanvasDefinitions.pixel_at_c_red(java.lang.Integer,java.lang.Integer)&amp#27;[0m
]]></system-out>
  </testcase>
  <testcase name="Canvas - Constructing the PPM header" classname="Canvas" time="0.017">
    <system-out><![CDATA[
Scenario: Constructing the PPM header &amp#27;[90m# praytracer/canvas.feature:15&amp#27;[0m
  &amp#27;[32mGiven &amp#27;[0m&amp#27;[32mc ← canvas(&amp#27;[0m&amp#27;[32m&amp#27;[1m5&amp#27;[0m&amp#27;[32m, &amp#27;[0m&amp#27;[32m&amp#27;[1m3&amp#27;[0m&amp#27;[32m)&amp#27;[0m              &amp#27;[90m# praytracer.CanvasDefinitions.c_canvas(java.lang.Integer,java.lang.Integer)&amp#27;[0m
  &amp#27;[32mWhen &amp#27;[0m&amp#27;[32mppm ← canvas_to_ppm(c)&amp#27;[0m         &amp#27;[90m# praytracer.CanvasDefinitions.ppm_canvas_to_ppm_c()&amp#27;[0m
  &amp#27;[32mThen &amp#27;[0m&amp#27;[32mlines &amp#27;[0m&amp#27;[32m&amp#27;[1m1&amp#27;[0m&amp#27;[32m-&amp#27;[0m&amp#27;[32m&amp#27;[1m3&amp#27;[0m&amp#27;[32m of ppm are&amp#27;[0m           &amp#27;[90m# praytracer.CanvasDefinitions.lines_of_ppm_are(java.lang.Integer,java.lang.Integer,java.lang.String)&amp#27;[0m
]]></system-out>
  </testcase>
  <testcase name="Canvas - Constructing the PPM pixel data" classname="Canvas" time="0.013">
    <system-out><![CDATA[
Scenario: Constructing the PPM pixel data &amp#27;[90m# praytracer/canvas.feature:25&amp#27;[0m
  &amp#27;[32mGiven &amp#27;[0m&amp#27;[32mc ← canvas(&amp#27;[0m&amp#27;[32m&amp#27;[1m5&amp#27;[0m&amp#27;[32m, &amp#27;[0m&amp#27;[32m&amp#27;[1m3&amp#27;[0m&amp#27;[32m)&amp#27;[0m                  &amp#27;[90m# praytracer.CanvasDefinitions.c_canvas(java.lang.Integer,java.lang.Integer)&amp#27;[0m
  &amp#27;[32mAnd &amp#27;[0m&amp#27;[32mc1 ← color(&amp#27;[0m&amp#27;[32m&amp#27;[1m1.5&amp#27;[0m&amp#27;[32m, &amp#27;[0m&amp#27;[32m&amp#27;[1m0&amp#27;[0m&amp#27;[32m, &amp#27;[0m&amp#27;[32m&amp#27;[1m0&amp#27;[0m&amp#27;[32m)&amp#27;[0m               &amp#27;[90m# praytracer.CanvasDefinitions.c1_color(java.lang.Double,java.lang.Double,java.lang.Double)&amp#27;[0m
  &amp#27;[32mAnd &amp#27;[0m&amp#27;[32mc2 ← color(&amp#27;[0m&amp#27;[32m&amp#27;[1m0&amp#27;[0m&amp#27;[32m, &amp#27;[0m&amp#27;[32m&amp#27;[1m0.5&amp#27;[0m&amp#27;[32m, &amp#27;[0m&amp#27;[32m&amp#27;[1m0&amp#27;[0m&amp#27;[32m)&amp#27;[0m               &amp#27;[90m# praytracer.CanvasDefinitions.c2_color(java.lang.Double,java.lang.Double,java.lang.Double)&amp#27;[0m
  &amp#27;[32mAnd &amp#27;[0m&amp#27;[32mc3 ← color(&amp#27;[0m&amp#27;[32m&amp#27;[1m-0.5&amp#27;[0m&amp#27;[32m, &amp#27;[0m&amp#27;[32m&amp#27;[1m0&amp#27;[0m&amp#27;[32m, &amp#27;[0m&amp#27;[32m&amp#27;[1m1&amp#27;[0m&amp#27;[32m)&amp#27;[0m              &amp#27;[90m# praytracer.CanvasDefinitions.c3_color(java.lang.Double,java.lang.Double,java.lang.Double)&amp#27;[0m
  &amp#27;[32mWhen &amp#27;[0m&amp#27;[32mwrite_pixel(c, &amp#27;[0m&amp#27;[32m&amp#27;[1m0&amp#27;[0m&amp#27;[32m, &amp#27;[0m&amp#27;[32m&amp#27;[1m0&amp#27;[0m&amp#27;[32m, c1)&amp#27;[0m           &amp#27;[90m# praytracer.CanvasDefinitions.write_pixel_c_c1(java.lang.Integer,java.lang.Integer)&amp#27;[0m
  &amp#27;[32mAnd &amp#27;[0m&amp#27;[32mwrite_pixel(c, &amp#27;[0m&amp#27;[32m&amp#27;[1m2&amp#27;[0m&amp#27;[32m, &amp#27;[0m&amp#27;[32m&amp#27;[1m1&amp#27;[0m&amp#27;[32m, c2)&amp#27;[0m            &amp#27;[90m# praytracer.CanvasDefinitions.write_pixel_c_c2(java.lang.Integer,java.lang.Integer)&amp#27;[0m
  &amp#27;[32mAnd &amp#27;[0m&amp#27;[32mwrite_pixel(c, &amp#27;[0m&amp#27;[32m&amp#27;[1m4&amp#27;[0m&amp#27;[32m, &amp#27;[0m&amp#27;[32m&amp#27;[1m2&amp#27;[0m&amp#27;[32m, c3)&amp#27;[0m            &amp#27;[90m# praytracer.CanvasDefinitions.write_pixel_c_c3(java.lang.Integer,java.lang.Integer)&amp#27;[0m
  &amp#27;[32mAnd &amp#27;[0m&amp#27;[32mppm ← canvas_to_ppm(c)&amp#27;[0m              &amp#27;[90m# praytracer.CanvasDefinitions.ppm_canvas_to_ppm_c()&amp#27;[0m
  &amp#27;[32mThen &amp#27;[0m&amp#27;[32mlines &amp#27;[0m&amp#27;[32m&amp#27;[1m4&amp#27;[0m&amp#27;[32m-&amp#27;[0m&amp#27;[32m&amp#27;[1m6&amp#27;[0m&amp#27;[32m of ppm are&amp#27;[0m               &amp#27;[90m# praytracer.CanvasDefinitions.lines_of_ppm_are(java.lang.Integer,java.lang.Integer,java.lang.String)&amp#27;[0m
]]></system-out>
  </testcase>
  <testcase name="Canvas - Splitting long lines in PPM files" classname="Canvas" time="0.027">
    <failure message="expected: &lt;255 204 153 255 204 153 255 204 153 255 204 153 255 204 153 255 204&gt; but was: &lt;255 204 153 255 204 153 255 204 153 255 204 153 255 204 153 255 204 153 255 204 153 255 204 153 255 204 153 255 204 153&gt;" type="org.opentest4j.AssertionFailedError"><![CDATA[org.opentest4j.AssertionFailedError: expected: <255 204 153 255 204 153 255 204 153 255 204 153 255 204 153 255 204> but was: <255 204 153 255 204 153 255 204 153 255 204 153 255 204 153 255 204 153 255 204 153 255 204 153 255 204 153 255 204 153>
	at praytracer.CanvasDefinitions.lines_of_ppm_are(CanvasDefinitions.java:29)
	at ✽.lines 4-7 of ppm are(classpath:praytracer/canvas.feature:45)
]]></failure>
    <system-out><![CDATA[
Scenario: Splitting long lines in PPM files          &amp#27;[90m# praytracer/canvas.feature:41&amp#27;[0m
  &amp#27;[32mGiven &amp#27;[0m&amp#27;[32mc ← canvas(&amp#27;[0m&amp#27;[32m&amp#27;[1m10&amp#27;[0m&amp#27;[32m, &amp#27;[0m&amp#27;[32m&amp#27;[1m2&amp#27;[0m&amp#27;[32m)&amp#27;[0m                            &amp#27;[90m# praytracer.CanvasDefinitions.c_canvas(java.lang.Integer,java.lang.Integer)&amp#27;[0m
  &amp#27;[32mWhen &amp#27;[0m&amp#27;[32mevery pixel of c is set to color(&amp#27;[0m&amp#27;[32m&amp#27;[1m1&amp#27;[0m&amp#27;[32m, &amp#27;[0m&amp#27;[32m&amp#27;[1m0.8&amp#27;[0m&amp#27;[32m, &amp#27;[0m&amp#27;[32m&amp#27;[1m0.6&amp#27;[0m&amp#27;[32m)&amp#27;[0m &amp#27;[90m# praytracer.CanvasDefinitions.every_pixel_of_c_is_set_to_color(java.lang.Double,java.lang.Double,java.lang.Double)&amp#27;[0m
  &amp#27;[32mAnd &amp#27;[0m&amp#27;[32mppm ← canvas_to_ppm(c)&amp#27;[0m                         &amp#27;[90m# praytracer.CanvasDefinitions.ppm_canvas_to_ppm_c()&amp#27;[0m
  &amp#27;[31mThen &amp#27;[0m&amp#27;[31mlines &amp#27;[0m&amp#27;[31m&amp#27;[1m4&amp#27;[0m&amp#27;[31m-&amp#27;[0m&amp#27;[31m&amp#27;[1m7&amp#27;[0m&amp#27;[31m of ppm are&amp#27;[0m                          &amp#27;[90m# praytracer.CanvasDefinitions.lines_of_ppm_are(java.lang.Integer,java.lang.Integer,java.lang.String)&amp#27;[0m
      &amp#27;[31morg.opentest4j.AssertionFailedError: expected: <255 204 153 255 204 153 255 204 153 255 204 153 255 204 153 255 204> but was: <255 204 153 255 204 153 255 204 153 255 204 153 255 204 153 255 204 153 255 204 153 255 204 153 255 204 153 255 204 153>
	at org.junit.jupiter.api.AssertionFailureBuilder.build(AssertionFailureBuilder.java:151)
	at org.junit.jupiter.api.AssertionFailureBuilder.buildAndThrow(AssertionFailureBuilder.java:132)
	at org.junit.jupiter.api.AssertEquals.failNotEqual(AssertEquals.java:197)
	at org.junit.jupiter.api.AssertEquals.assertEquals(AssertEquals.java:182)
	at org.junit.jupiter.api.AssertEquals.assertEquals(AssertEquals.java:177)
	at org.junit.jupiter.api.Assertions.assertEquals(Assertions.java:1145)
	at praytracer.CanvasDefinitions.lines_of_ppm_are(CanvasDefinitions.java:29)
	at ✽.lines 4-7 of ppm are(classpath:praytracer/canvas.feature:45)
&amp#27;[0m
]]></system-out>
  </testcase>
  <testcase name="Canvas - PPM files are terminated by a newline character" classname="Canvas" time="0.008">
    <system-out><![CDATA[
Scenario: PPM files are terminated by a newline character &amp#27;[90m# praytracer/canvas.feature:53&amp#27;[0m
  &amp#27;[32mGiven &amp#27;[0m&amp#27;[32mc ← canvas(&amp#27;[0m&amp#27;[32m&amp#27;[1m5&amp#27;[0m&amp#27;[32m, &amp#27;[0m&amp#27;[32m&amp#27;[1m3&amp#27;[0m&amp#27;[32m)&amp#27;[0m                                  &amp#27;[90m# praytracer.CanvasDefinitions.c_canvas(java.lang.Integer,java.lang.Integer)&amp#27;[0m
  &amp#27;[32mWhen &amp#27;[0m&amp#27;[32mppm ← canvas_to_ppm(c)&amp#27;[0m                             &amp#27;[90m# praytracer.CanvasDefinitions.ppm_canvas_to_ppm_c()&amp#27;[0m
  &amp#27;[32mThen &amp#27;[0m&amp#27;[32mppm ends with a newline character&amp#27;[0m                  &amp#27;[90m# praytracer.CanvasDefinitions.ppm_ends_with_a_newline_character()&amp#27;[0m
]]></system-out>
  </testcase>
</testsuite>