<?xml version="1.0" encoding="UTF-8" ?>
<testsuite tests="0" failures="0" name="net.piedqualt.praytracer.RunCucumberTest" time="0" errors="0" skipped="0">
  <properties>
    <property name="java.runtime.name" value="Java(TM) SE Runtime Environment"/>
    <property name="java.vm.version" value="21.0.2+13-LTS-58"/>
    <property name="sun.boot.library.path" value="D:\Documents\JavaStuff\jdk21\bin"/>
    <property name="maven.multiModuleProjectDirectory" value="C:\Users\Mykyta\IdeaProjects\PRaytracer"/>
    <property name="java.vm.vendor" value="Oracle Corporation"/>
    <property name="java.vendor.url" value="https://java.oracle.com/"/>
    <property name="guice.disable.misplaced.annotation.check" value="true"/>
    <property name="path.separator" value=";"/>
    <property name="java.vm.name" value="Java HotSpot(TM) 64-Bit Server VM"/>
    <property name="sun.os.patch.level" value=""/>
    <property name="user.script" value=""/>
    <property name="user.country" value="US"/>
    <property name="sun.java.launcher" value="SUN_STANDARD"/>
    <property name="java.vm.specification.name" value="Java Virtual Machine Specification"/>
    <property name="user.dir" value="C:\Users\Mykyta\IdeaProjects\PRaytracer"/>
    <property name="java.vm.compressedOopsMode" value="Zero based"/>
    <property name="java.runtime.version" value="21.0.2+13-LTS-58"/>
    <property name="os.arch" value="amd64"/>
    <property name="java.io.tmpdir" value="C:\Users\Mykyta\AppData\Local\Temp\"/>
    <property name="line.separator" value="
"/>
    <property name="java.vm.specification.vendor" value="Oracle Corporation"/>
    <property name="user.variant" value=""/>
    <property name="stderr.encoding" value="ms932"/>
    <property name="os.name" value="Windows 10"/>
    <property name="classworlds.conf" value="D:\Documents\JavaStuff\apache-maven-3.6.3\bin\..\bin\m2.conf"/>
    <property name="sun.jnu.encoding" value="MS932"/>
    <property name="stdout.encoding" value="ms932"/>
    <property name="java.library.path" value="D:\Documents\JavaStuff\jdk21\bin;C:\WINDOWS\Sun\Java\bin;C:\WINDOWS\system32;C:\WINDOWS;D:\Documents\JavaStuff\jdk21\bin;D:\Documents\JavaStuff\bin;D:\Documents\JavaStuff\apache-maven-3.6.3\bin;D:\Documents\JavaStuff\jdk-15.0.1\bin;C:\Program Files\Common Files\Oracle\Java\javapath;C:\Program Files (x86)\Common Files\Oracle\Java\javapath;C:\Program Files (x86)\Common Files\Intel\Shared Libraries\redist\intel64\compiler;C:\Program Files\Python36\Scripts\;C:\Program Files\Python36\;C:\Program Files (x86)\Intel\Intel(R) Management Engine Components\iCLS\;C:\Program Files\Intel\Intel(R) Management Engine Components\iCLS\;C:\Windows\system32;C:\Windows;C:\Windows\System32\Wbem;C:\Windows\System32\WindowsPowerShell\v1.0\;C:\Windows\System32\OpenSSH\;C:\Program Files (x86)\NVIDIA Corporation\PhysX\Common;C:\Program Files\Intel\WiFi\bin\;C:\Program Files\Common Files\Intel\WirelessCommon\;C:\Program Files (x86)\Intel\Intel(R) Management Engine Components\DAL;C:\Program Files\Intel\Intel(R) Management Engine Components\DAL;C:\Program Files (x86)\Intel\Intel(R) Management Engine Components\IPT;C:\Program Files\Intel\Intel(R) Management Engine Components\IPT;C:\Program Files\NVIDIA Corporation\NVIDIA NvDLISR;C:\WINDOWS\system32;C:\WINDOWS;C:\WINDOWS\System32\Wbem;C:\WINDOWS\System32\WindowsPowerShell\v1.0\;C:\WINDOWS\System32\OpenSSH\;C:\Program Files (x86)\CodeBlocks\MinGW\bin;C:\Users\Mykyta\AppData\Local\Programs\Python\Python37-32;D:\ProgramFiles\MinGW\bin;C:\Users\Mykyta\AppData\Roaming\Python\Python36\Scripts;C:\Program Files (x86)\Inno Setup 6;C:\Program Files (x86)\WiX Toolset v3.11\bin;D:\Documents\pathScripts;C:\Program Files\dotnet\;C:\Program Files\Calibre2\;C:\Program Files (x86)\Windows Live\Shared;D:\ProgramFiles\PuTTY\;D:\ProgramFiles\Gpg4win\..\GnuPG\bin;D:\ProgramFiles\Git LFS;C:\Program Files (x86)\Windows Kits\10\Windows Performance Toolkit\;D:\ProgramFiles\CMake\bin;C:\Program Files\Git\cmd;D:\Documents\JavaStuff\jdk21\bin;D:\Documents\JavaStuff\apache-ant-1.9.16\bin;D:\Documents\bin;C:\Users\Mykyta\.cargo\bin;C:\Users\Mykyta\AppData\Local\Programs\Python\Python37-32\Scripts\;C:\Users\Mykyta\AppData\Local\Programs\Python\Python37-32\;C:\Users\Mykyta\AppData\Local\Microsoft\WindowsApps;C:\Program Files\IntelliJ IDEA Community Edition 2019.2.1\bin;C:\Users\Mykyta\AppData\Roaming\Python\Python36\Scripts;D:\ProgramFiles\MinGW\bin;C:\Program Files (x86)\Inno Setup 6;C:\Program Files (x86)\WiX Toolset v3.11\bin;C:\Users\Mykyta\AppData\Local\Microsoft\WindowsApps;D:\Documents\JavaStuff\apache-maven-3.6.3\apache-maven\src\bin;D:\ProgramFiles\JetBrains\IntelliJ IDEA 2024.2.4\bin;;D:\Documents\pathScripts;C:\Users\Mykyta\AppData\Local\GitHubDesktop\bin;D:\ProgramFiles\Microsoft VS Code\bin;D:\ProgramFiles\texlive\2022\bin\win32;;."/>
    <property name="maven.conf" value="D:\Documents\JavaStuff\apache-maven-3.6.3\bin\../conf"/>
    <property name="jdk.debug" value="release"/>
    <property name="java.class.version" value="65.0"/>
    <property name="java.specification.name" value="Java Platform API Specification"/>
    <property name="sun.management.compiler" value="HotSpot 64-Bit Tiered Compilers"/>
    <property name="os.version" value="10.0"/>
    <property name="library.jansi.path" value="D:\Documents\JavaStuff\apache-maven-3.6.3\bin\..\lib\jansi-native"/>
    <property name="user.home" value="C:\Users\Mykyta"/>
    <property name="user.timezone" value="America/Toronto"/>
    <property name="file.encoding" value="UTF-8"/>
    <property name="java.specification.version" value="21"/>
    <property name="user.name" value="Mykyta"/>
    <property name="java.class.path" value="D:\Documents\JavaStuff\apache-maven-3.6.3\bin\..\boot\plexus-classworlds-2.6.0.jar"/>
    <property name="java.vm.specification.version" value="21"/>
    <property name="sun.arch.data.model" value="64"/>
    <property name="sun.java.command" value="org.codehaus.plexus.classworlds.launcher.Launcher clean test"/>
    <property name="java.home" value="D:\Documents\JavaStuff\jdk21"/>
    <property name="user.language" value="en"/>
    <property name="java.specification.vendor" value="Oracle Corporation"/>
    <property name="java.vm.info" value="mixed mode, sharing"/>
    <property name="java.version" value="21.0.2"/>
    <property name="native.encoding" value="MS932"/>
    <property name="java.vendor" value="Oracle Corporation"/>
    <property name="maven.home" value="D:\Documents\JavaStuff\apache-maven-3.6.3\bin\.."/>
    <property name="file.separator" value="\"/>
    <property name="java.version.date" value="2024-01-16"/>
    <property name="java.vendor.url.bug" value="https://bugreport.java.com/bugreport/"/>
    <property name="sun.io.unicode.encoding" value="UnicodeLittle"/>
    <property name="sun.cpu.endian" value="little"/>
    <property name="sun.cpu.isalist" value="amd64"/>
  </properties>
</testsuite>